<?xml version="1.0" encoding="UTF-8"?>
<!-- Generated by org.testng.reporters.JUnitReportReporter -->
<testsuite name="com.api.test.apiDeleteAPI" tests="1" time="1.884" ignored="0" failures="0" timestamp="06 Feb 2021 11:35:25 GMT" skipped="0" hostname="BLRWX11729" errors="0">
  <testcase name="getDeleteAPI" time="1.884" classname="com.api.test.apiDeleteAPI"/>
</testsuite> <!-- com.api.test.apiDeleteAPI -->
