<?xml version="1.0" encoding="UTF-8"?>
<!-- Generated by org.testng.reporters.JUnitReportReporter -->
<testsuite name="com.api.test.GetCallAPI" tests="1" time="3.383" ignored="0" failures="0" timestamp="04 Feb 2021 18:33:37 GMT" skipped="0" hostname="BLRWX11729" errors="0">
  <testcase name="getWithoutAPIKey" time="3.383" classname="com.api.test.GetCallAPI"/>
</testsuite> <!-- com.api.test.GetCallAPI -->
