<?xml version="1.0" encoding="UTF-8"?>
<!-- Generated by org.testng.reporters.JUnitReportReporter -->
<testsuite name="com.test.automation.homepage.TC003_VerifyRegistration" tests="1" time="16.037" ignored="0" failures="0" timestamp="20 Jan 2021 17:51:39 GMT" skipped="0" hostname="BLRWX11729" errors="0">
  <testcase name="testLogin" time="16.037" classname="com.test.automation.homepage.TC003_VerifyRegistration"/>
</testsuite> <!-- com.test.automation.homepage.TC003_VerifyRegistration -->
