<?xml version="1.0" encoding="UTF-8"?>
<!-- Generated by org.testng.reporters.JUnitReportReporter -->
<testsuite name="com.api.test.apiGetandDeleteAPI" tests="2" time="6.790" ignored="0" failures="0" timestamp="06 Feb 2021 11:26:35 GMT" skipped="0" hostname="BLRWX11729" errors="0">
  <testcase name="getDeleteAPI" time="0.522" classname="com.api.test.apiGetandDeleteAPI"/>
  <testcase name="getAPIWithAPIId" time="6.268" classname="com.api.test.apiGetandDeleteAPI"/>
</testsuite> <!-- com.api.test.apiGetandDeleteAPI -->
