<?xml version="1.0" encoding="UTF-8"?>
<!-- Generated by org.testng.reporters.JUnitReportReporter -->
<testsuite name="com.test.automation.homepage.verifyEnetoEndFunctionality" tests="1" time="130.917" ignored="0" failures="0" timestamp="04 Feb 2021 17:38:20 GMT" skipped="0" hostname="BLRWX11729" errors="0">
  <testcase name="verifyEnetoEndFunctionality" time="130.917" classname="com.test.automation.homepage.verifyEnetoEndFunctionality"/>
</testsuite> <!-- com.test.automation.homepage.verifyEnetoEndFunctionality -->
