<?xml version="1.0" encoding="UTF-8"?>
<!-- Generated by org.testng.reporters.JUnitReportReporter -->
<testsuite name="com.api.test.apiGetAPI" tests="1" time="0.365" ignored="0" failures="0" timestamp="06 Feb 2021 11:35:25 GMT" skipped="0" hostname="BLRWX11729" errors="0">
  <testcase name="getAPIWithAPIId" time="0.365" classname="com.api.test.apiGetAPI"/>
</testsuite> <!-- com.api.test.apiGetAPI -->
