<?xml version="1.0" encoding="UTF-8"?>
<!-- Generated by org.testng.reporters.JUnitReportReporter -->
<testsuite name="com.api.test.apiWithOutAPIKeyTest" tests="1" time="4.733" ignored="0" failures="0" timestamp="06 Feb 2021 11:35:25 GMT" skipped="0" hostname="BLRWX11729" errors="0">
  <testcase name="getAPIWithAPIId" time="4.733" classname="com.api.test.apiWithOutAPIKeyTest"/>
</testsuite> <!-- com.api.test.apiWithOutAPIKeyTest -->
