<?xml version="1.0" encoding="UTF-8"?>
<!-- Generated by org.testng.reporters.JUnitReportReporter -->
<testsuite name="com.test.automation.homepage.TC001_VerifyLoginwithInvalidCrediantials" tests="1" time="131.629" ignored="0" failures="0" timestamp="21 Jan 2021 12:39:41 GMT" skipped="0" hostname="BLRWX11729" errors="0">
  <testcase name="verifyLoginwithInvalidCrediantials" time="131.629" classname="com.test.automation.homepage.TC001_VerifyLoginwithInvalidCrediantials"/>
</testsuite> <!-- com.test.automation.homepage.TC001_VerifyLoginwithInvalidCrediantials -->
