<?xml version="1.0" encoding="UTF-8"?>
<!-- Generated by org.testng.reporters.JUnitReportReporter -->
<testsuite name="com.api.test.apiTest" tests="1" time="4.537" ignored="0" failures="0" timestamp="05 Feb 2021 16:23:45 GMT" skipped="0" hostname="BLRWX11729" errors="0">
  <testcase name="getAPIWithAPIId" time="4.537" classname="com.api.test.apiTest"/>
</testsuite> <!-- com.api.test.apiTest -->
