<?xml version="1.0" encoding="UTF-8"?>
<!-- Generated by org.testng.reporters.JUnitReportReporter -->
<testsuite name="com.api.test.apiWithAPIKey" tests="1" time="10.061" ignored="0" failures="0" timestamp="06 Feb 2021 11:02:21 GMT" skipped="0" hostname="BLRWX11729" errors="0">
  <testcase name="getGetAPI" time="10.061" classname="com.api.test.apiWithAPIKey"/>
</testsuite> <!-- com.api.test.apiWithAPIKey -->
