<?xml version="1.0" encoding="UTF-8"?>
<!-- Generated by org.testng.reporters.JUnitReportReporter -->
<testsuite name="com.api.test.CreateAPI" tests="2" time="3.560" ignored="0" failures="0" timestamp="06 Feb 2021 11:35:25 GMT" skipped="0" hostname="BLRWX11729" errors="0">
  <testcase name="createStationAPI" time="0.520" classname="com.api.test.CreateAPI"/>
  <testcase name="createStationAPI" time="3.040" classname="com.api.test.CreateAPI"/>
</testsuite> <!-- com.api.test.CreateAPI -->
